STEP to UG
! INFO-     NX STEP AP203 - V1926
! INFO-      
! INFO-     Start of Translation: 28-FEB-2023  10:31:17 PM
! INFO-      
! STATUS-   Converting Part: C:\Users\woffos\Desktop\projects\shuttle-tracker\Shuttle-Tracker-Node\CAD\Case\EC11B-Vert-15F-green.step
! SUMMARY-   
! SUMMARY-    STEP Header Information
! SUMMARY-   
! SUMMARY-  Description      STEP AP214
! SUMMARY-  Imp_Level        1
! SUMMARY-  File_Name        EC11B-Vert-F
! SUMMARY-  Date             Unknown
! SUMMARY-  Author           UNSPECIFIED
! SUMMARY-  Organization     UNSPECIFIED
! SUMMARY-  Pre_Version      ASCON STEP Converter 1.6
! SUMMARY-  Orig_System      ASCON Math Kernel
! SUMMARY-  Authorization    Unknown
! SUMMARY-  Schema_ID        automotive_design
! SUMMARY-   
! SUMMARY-    Summary of STEP Entities
! SUMMARY-   
! SUMMARY-  Entity Type                                                   Count
! SUMMARY-  -----------                                                   ------
! SUMMARY-  advanced_face ..............................................:    552
! SUMMARY-  annotation_plane ...........................................:      1
! SUMMARY-  application_context ........................................:      4
! SUMMARY-  approval ...................................................:      7
! SUMMARY-  approval_date_time .........................................:      7
! SUMMARY-  approval_status ............................................:      7
! SUMMARY-  axis2_placement_3d .........................................:    869
! SUMMARY-  b_spline_curve_with_knots ..................................:     69
! SUMMARY-  b_spline_curve_with_knots_and_rational_b_spline_curve ......:      2
! SUMMARY-  b_spline_surface_with_knots ................................:      6
! SUMMARY-  b_spline_surface_with_knots_and_rational_b_spline_surface ..:      2
! SUMMARY-  calendar_date ..............................................:      7
! SUMMARY-  cartesian_point ............................................:  11576
! SUMMARY-  circle .....................................................:    320
! SUMMARY-  closed_shell ...............................................:      9
! SUMMARY-  conical_surface ............................................:     16
! SUMMARY-  context_dependent_shape_representation .....................:      3
! SUMMARY-  coordinated_universal_time_offset ..........................:      7
! SUMMARY-  cylindrical_surface ........................................:    140
! SUMMARY-  date_and_time ..............................................:      7
! SUMMARY-  degenerate_toroidal_surface ................................:      6
! SUMMARY-  direction ..................................................:   2757
! SUMMARY-  draughting_model ...........................................:      1
! SUMMARY-  edge_curve .................................................:   1408
! SUMMARY-  edge_loop ..................................................:    590
! SUMMARY-  face_bound .................................................:    548
! SUMMARY-  face_outer_bound ...........................................:     42
! SUMMARY-  geometric_representation_context_and_global_uncertainty_a ..:      1
! SUMMARY-  item_defined_transformation ................................:      3
! SUMMARY-  length_unit_and_si_unit ....................................:      1
! SUMMARY-  line .......................................................:   1019
! SUMMARY-  local_time .................................................:      7
! SUMMARY-  manifold_solid_brep ........................................:      9
! SUMMARY-  next_assembly_usage_occurrence .............................:      3
! SUMMARY-  oriented_edge ..............................................:   2816
! SUMMARY-  plane ......................................................:    353
! SUMMARY-  plane_angle_unit_and_si_unit ...............................:      1
! SUMMARY-  product ....................................................:      4
! SUMMARY-  product_context ............................................:      4
! SUMMARY-  product_definition .........................................:      4
! SUMMARY-  product_definition_context .................................:      4
! SUMMARY-  product_definition_formation_with_specified_source .........:      4
! SUMMARY-  product_definition_shape ...................................:      7
! SUMMARY-  product_related_product_category ...........................:      4
! SUMMARY-  representation_relationship_with_transformation_and_shape ..:      3
! SUMMARY-  shape_representation .......................................:      4
! SUMMARY-  si_unit_and_solid_angle_unit ...............................:      1
! SUMMARY-  spherical_surface ..........................................:     18
! SUMMARY-  toroidal_surface ...........................................:     12
! SUMMARY-  uncertainty_measure_with_unit ..............................:      1
! SUMMARY-  vector .....................................................:   1019
! SUMMARY-  vertex_point ...............................................:    906
! SUMMARY-                                                               -------
! SUMMARY-  Total                                                          25171
! STATUS-    
! STATUS-   Converting to Output Form (Phase 2 of 3): 28-FEB-2023 10:31:18 PM
! STATUS-    
! WARNING-  Reference Set Name NONE is changed to: NONE-c01.
! WARNING-  Reference Set Name NONE is changed to: NONE-c012.
! WARNING-  Reference Set Name NONE is changed to: NONE-c0123.
! STATUS-    
! STATUS-   Generating UG geometry and placing them in parts
! STATUS-    
! STATUS-   Creating the UG part (Phase 3 of 3): 28-FEB-2023  10:31:19 PM
! INFO-     Filing Part ..: C:\Users\woffos\Desktop\projects\shuttle-tracker\Shuttle-Tracker-Node\CAD\Case\NONE194
! SUMMARY-   
! SUMMARY-  Summary of Unigraphics Part Entities
! SUMMARY-   
! SUMMARY-  Entities Processed             Count
! SUMMARY-  ------------------             -----
! SUMMARY-  Solid .......................:     5
! SUMMARY-                                 -----
! SUMMARY-  Total                              5
! STATUS-   Creating the UG part (Phase 3 of 3): 28-FEB-2023  10:31:22 PM
! INFO-     Filing Part ..: C:\Users\woffos\Desktop\projects\shuttle-tracker\Shuttle-Tracker-Node\CAD\Case\NONE131
! SUMMARY-   
! SUMMARY-  Summary of Unigraphics Part Entities
! SUMMARY-   
! SUMMARY-  Entities Processed             Count
! SUMMARY-  ------------------             -----
! SUMMARY-  Solid .......................:     1
! SUMMARY-                                 -----
! SUMMARY-  Total                              1
! STATUS-   Creating the UG part (Phase 3 of 3): 28-FEB-2023  10:31:22 PM
! INFO-     Filing Part ..: C:\Users\woffos\Desktop\projects\shuttle-tracker\Shuttle-Tracker-Node\CAD\Case\NONE44
! SUMMARY-   
! SUMMARY-  Summary of Unigraphics Part Entities
! SUMMARY-   
! SUMMARY-  Entities Processed             Count
! SUMMARY-  ------------------             -----
! SUMMARY-  B-Curve .....................:     2
! SUMMARY-  Solid .......................:     3
! SUMMARY-                                 -----
! SUMMARY-  Total                              5
! STATUS-   Creating the UG part (Phase 3 of 3): 28-FEB-2023  10:31:23 PM
! INFO-     Filing Part ..: C:\Users\woffos\Desktop\projects\shuttle-tracker\Shuttle-Tracker-Node\CAD\Case\EC11B-Vert-15F-green.prt
! SUMMARY-   
! SUMMARY-  Summary of Unigraphics Part Entities
! SUMMARY-   
! SUMMARY-  Entities Processed             Count
! SUMMARY-  ------------------             -----
! SUMMARY-  Component ...................:     3
! SUMMARY-                                 -----
! SUMMARY-  Total                              3
! INFO-      
! INFO-     Total number of solids input for this translation       :         9
! INFO-      
! INFO-     Number of solids created without body validation faults :         9
! INFO-      
! INFO-     Number of solids created with body validation fault(s)  :         0
! INFO-      
! INFO-     Number of solids ending up as sheet bodies              :         0
! INFO-      
! INFO-     End of Translation: 28-FEB-2023  10:31:23 PM
! INFO-      
