STEP to UG
! INFO-     NX STEP AP203 - V1926
! INFO-      
! INFO-     Start of Translation: 30-NOV-2022  5:04:00 PM
! INFO-      
! STATUS-   Converting Part: C:\Users\woffos\Box\RU Rensselaer Rocket Society\Shuttle Tracker\encoder.STEP
! SUMMARY-   
! SUMMARY-    STEP Header Information
! SUMMARY-   
! SUMMARY-  Description      STEP AP214
! SUMMARY-  Imp_Level        1
! SUMMARY-  File_Name        Ðý×ª±àÂëÆ÷.STEP
! SUMMARY-  Date             2021-06-26T03:28:01
! SUMMARY-  Author           ENG
! SUMMARY-  Organization     Microsoft
! SUMMARY-  Pre_Version      SwSTEP 2.0
! SUMMARY-  Orig_System      SolidWorks 2019
! SUMMARY-  Authorization    Unknown
! SUMMARY-  Schema_ID        automotive_design
! SUMMARY-   
! SUMMARY-    Summary of STEP Entities
! SUMMARY-   
! SUMMARY-  Entity Type                                                   Count
! SUMMARY-  -----------                                                   ------
! SUMMARY-  advanced_face ..............................................:    320
! SUMMARY-  application_context ........................................:      2
! SUMMARY-  axis2_placement_3d .........................................:    417
! SUMMARY-  b_spline_curve_with_knots ..................................:     25
! SUMMARY-  b_spline_curve_with_knots_and_rational_b_spline_curve ......:     41
! SUMMARY-  b_spline_surface_with_knots_and_rational_b_spline_surface ..:     12
! SUMMARY-  cartesian_point ............................................:   3750
! SUMMARY-  circle .....................................................:    108
! SUMMARY-  closed_shell ...............................................:      6
! SUMMARY-  conical_surface ............................................:      3
! SUMMARY-  cylindrical_surface ........................................:     75
! SUMMARY-  direction ..................................................:   1552
! SUMMARY-  edge_curve .................................................:    892
! SUMMARY-  edge_loop ..................................................:    325
! SUMMARY-  face_bound .................................................:      5
! SUMMARY-  face_outer_bound ...........................................:    320
! SUMMARY-  geometric_representation_context_and_global_uncertainty_a ..:    258
! SUMMARY-  length_unit_and_si_unit ....................................:    258
! SUMMARY-  line .......................................................:    718
! SUMMARY-  manifold_solid_brep ........................................:      6
! SUMMARY-  oriented_edge ..............................................:   1784
! SUMMARY-  plane ......................................................:    230
! SUMMARY-  plane_angle_unit_and_si_unit ...............................:    258
! SUMMARY-  product ....................................................:      1
! SUMMARY-  product_context ............................................:      1
! SUMMARY-  product_definition .........................................:      1
! SUMMARY-  product_definition_context .................................:      1
! SUMMARY-  product_definition_formation_with_specified_source .........:      1
! SUMMARY-  product_definition_shape ...................................:      1
! SUMMARY-  product_related_product_category ...........................:      1
! SUMMARY-  si_unit_and_solid_angle_unit ...............................:    258
! SUMMARY-  uncertainty_measure_with_unit ..............................:    258
! SUMMARY-  vector .....................................................:    718
! SUMMARY-  vertex_point ...............................................:    581
! SUMMARY-                                                               -------
! SUMMARY-  Total                                                          13187
! STATUS-    
! STATUS-   Converting to Output Form (Phase 2 of 3): 30-NOV-2022 5:04:00 PM
! STATUS-    
! STATUS-    
! STATUS-   Generating UG geometry and placing them in parts
! STATUS-    
! STATUS-   Creating the UG part (Phase 3 of 3): 30-NOV-2022  5:04:01 PM
! INFO-     Filing Part ..: C:\Users\woffos\Box\RU Rensselaer Rocket Society\Shuttle Tracker\encoder_1.prt
! SUMMARY-   
! SUMMARY-  Summary of Unigraphics Part Entities
! SUMMARY-   
! SUMMARY-  Entities Processed             Count
! SUMMARY-  ------------------             -----
! SUMMARY-  Solid .......................:     6
! SUMMARY-                                 -----
! SUMMARY-  Total                              6
! INFO-      
! INFO-     Total number of solids input for this translation       :         6
! INFO-      
! INFO-     Number of solids created without body validation faults :         6
! INFO-      
! INFO-     Number of solids created with body validation fault(s)  :         0
! INFO-      
! INFO-     Number of solids ending up as sheet bodies              :         0
! INFO-      
! INFO-     End of Translation: 30-NOV-2022  5:04:02 PM
! INFO-      
