STEP to UG
! INFO-     NX STEP AP203 - V1926
! INFO-      
! INFO-     Start of Translation: 26-NOV-2022  3:01:51 PM
! INFO-      
! STATUS-   Converting Part: C:\Users\woffos\Desktop\shuttle-tracker\ERM2004-2_3D.stp
! SUMMARY-   
! SUMMARY-    STEP Header Information
! SUMMARY-   
! SUMMARY-  Description      Unknown
! SUMMARY-  Imp_Level        2;1
! SUMMARY-  File_Name        D:\CAD\Inventor\Altium\LCD\LCD 2004.stp
! SUMMARY-  Date             2020-02-29T19:45:18+01:00
! SUMMARY-  Author           diwou
! SUMMARY-  Organization     Unknown
! SUMMARY-  Pre_Version      ST-DEVELOPER v18
! SUMMARY-  Orig_System      Autodesk Inventor 2020
! SUMMARY-  Authorization    Unknown
! SUMMARY-  Schema_ID        automotive_design
! SUMMARY-   
! SUMMARY-    Summary of STEP Entities
! SUMMARY-   
! SUMMARY-  Entity Type                                                   Count
! SUMMARY-  -----------                                                   ------
! SUMMARY-  advanced_face ..............................................:   5123
! SUMMARY-  application_context ........................................:      1
! SUMMARY-  axis2_placement_3d .........................................:   5732
! SUMMARY-  b_spline_curve_with_knots ..................................:    853
! SUMMARY-  b_spline_surface_with_knots ................................:    432
! SUMMARY-  b_spline_surface_with_knots_and_rational_b_spline_surface ..:      5
! SUMMARY-  cartesian_point ............................................:  45382
! SUMMARY-  circle .....................................................:    997
! SUMMARY-  closed_shell ...............................................:      2
! SUMMARY-  cylindrical_surface ........................................:    386
! SUMMARY-  direction ..................................................:  27411
! SUMMARY-  edge_curve .................................................:  17845
! SUMMARY-  edge_loop ..................................................:   8497
! SUMMARY-  ellipse ....................................................:     48
! SUMMARY-  face_bound .................................................:   3374
! SUMMARY-  face_outer_bound ...........................................:   5123
! SUMMARY-  geometric_representation_context_and_global_uncertainty_a ..:      2
! SUMMARY-  length_unit_and_si_unit ....................................:      1
! SUMMARY-  line .......................................................:  15947
! SUMMARY-  manifold_solid_brep ........................................:      2
! SUMMARY-  oriented_edge ..............................................:  35690
! SUMMARY-  plane ......................................................:   4114
! SUMMARY-  plane_angle_unit_and_si_unit ...............................:      1
! SUMMARY-  product ....................................................:      1
! SUMMARY-  product_context ............................................:      1
! SUMMARY-  product_definition .........................................:      1
! SUMMARY-  product_definition_context .................................:      1
! SUMMARY-  product_definition_formation ...............................:      1
! SUMMARY-  product_definition_shape ...................................:      1
! SUMMARY-  product_related_product_category ...........................:      1
! SUMMARY-  si_unit_and_solid_angle_unit ...............................:      1
! SUMMARY-  spherical_surface ..........................................:     52
! SUMMARY-  toroidal_surface ...........................................:    134
! SUMMARY-  uncertainty_measure_with_unit ..............................:      2
! SUMMARY-  vector .....................................................:  15947
! SUMMARY-  vertex_point ...............................................:  16042
! SUMMARY-                                                               -------
! SUMMARY-  Total                                                         209153
! STATUS-    
! STATUS-   Converting to Output Form (Phase 2 of 3): 26-NOV-2022 3:01:52 PM
! STATUS-    
! STATUS-    
! STATUS-   Generating UG geometry and placing them in parts
! STATUS-    
! STATUS-   Creating the UG part (Phase 3 of 3): 26-NOV-2022  3:02:31 PM
! INFO-     Filing Part ..: C:\Users\woffos\Desktop\shuttle-tracker\ERM2004-2_3D.prt
! SUMMARY-   
! SUMMARY-  Summary of Unigraphics Part Entities
! SUMMARY-   
! SUMMARY-  Entities Processed             Count
! SUMMARY-  ------------------             -----
! SUMMARY-  Solid .......................:     2
! SUMMARY-                                 -----
! SUMMARY-  Total                              2
! INFO-      
! INFO-     Total number of solids input for this translation       :         2
! INFO-      
! INFO-     Number of solids created without body validation faults :         2
! INFO-      
! INFO-     Number of solids created with body validation fault(s)  :         0
! INFO-      
! INFO-     Number of solids ending up as sheet bodies              :         0
! INFO-      
! INFO-     End of Translation: 26-NOV-2022  3:02:52 PM
! INFO-      
